<?xml version="1.0" encoding="UTF-8"?>
<!-- Generated by org.testng.reporters.JUnitReportReporter -->
<testsuite hostname="Qonitas-MacBook-Pro.local" failures="0" tests="1" name="com.juaracoding.test.QuizDragDropTest" time="25.291" errors="0" timestamp="2025-06-03T08:15:16 WIB" skipped="0">
  <testcase classname="com.juaracoding.test.QuizDragDropTest" name="ujian3Test" time="25.291">
    <system-out>
      <![CDATA[<a href='/Users/qonitalutfia/Documents/bootcamp/JuaraCodingEcom/screenshots/ujian3Test_before.png' target='_blank'>Screnshoot</a>
<br /><img src='/Users/qonitalutfia/Documents/bootcamp/JuaraCodingEcom/screenshots/ujian3Test_before.png' style='width: 20vw;' />
<a href='/Users/qonitalutfia/Documents/bootcamp/JuaraCodingEcom/screenshots/ujian3Test_after.png' target='_blank'>Screnshoot</a>
<br /><img src='/Users/qonitalutfia/Documents/bootcamp/JuaraCodingEcom/screenshots/ujian3Test_after.png' style='width: 20vw;' />
<a href='/Users/qonitalutfia/Documents/bootcamp/JuaraCodingEcom/screenshots/ujian3Test_back.png' target='_blank'>Screnshoot</a>
<br /><img src='/Users/qonitalutfia/Documents/bootcamp/JuaraCodingEcom/screenshots/ujian3Test_back.png' style='width: 20vw;' />]]>
    </system-out>
  </testcase> <!-- ujian3Test -->
  <system-out>
    <![CDATA[<a href='/Users/qonitalutfia/Documents/bootcamp/JuaraCodingEcom/screenshots/ujian3Test_before.png' target='_blank'>Screnshoot</a>
<br /><img src='/Users/qonitalutfia/Documents/bootcamp/JuaraCodingEcom/screenshots/ujian3Test_before.png' style='width: 20vw;' />
<a href='/Users/qonitalutfia/Documents/bootcamp/JuaraCodingEcom/screenshots/ujian3Test_after.png' target='_blank'>Screnshoot</a>
<br /><img src='/Users/qonitalutfia/Documents/bootcamp/JuaraCodingEcom/screenshots/ujian3Test_after.png' style='width: 20vw;' />
<a href='/Users/qonitalutfia/Documents/bootcamp/JuaraCodingEcom/screenshots/ujian3Test_back.png' target='_blank'>Screnshoot</a>
<br /><img src='/Users/qonitalutfia/Documents/bootcamp/JuaraCodingEcom/screenshots/ujian3Test_back.png' style='width: 20vw;' />]]>
  </system-out>
</testsuite> <!-- com.juaracoding.test.QuizDragDropTest -->
